<?xml version="1.0" encoding="UTF-8"?>
<!-- Generated by org.testng.reporters.JUnitReportReporter -->
<testsuite hostname="LAPTOP-1ALOQ5Q0" failures="0" tests="9" name="test.ToVerifyHeaderButton" time="10.530" errors="0" timestamp="2022-02-17T07:47:56 IST" skipped="0">
  <testcase classname="test.ToVerifyHeaderButton" name="toverifyTaskButton" time="1.122"/>
  <system-out/>
  <testcase classname="test.ToVerifyHeaderButton" name="toverifyTaskButton" time="1.190"/>
  <system-out/>
  <testcase classname="test.ToVerifyHeaderButton" name="toverifyTaskButton" time="1.002"/>
  <system-out/>
  <testcase classname="test.ToVerifyHeaderButton" name="toverifyReportButton" time="0.798"/>
  <system-out/>
  <testcase classname="test.ToVerifyHeaderButton" name="toverifyReportButton" time="1.866"/>
  <system-out/>
  <testcase classname="test.ToVerifyHeaderButton" name="toverifyReportButton" time="0.917"/>
  <system-out/>
  <testcase classname="test.ToVerifyHeaderButton" name="toverifyUserButton" time="1.395"/>
  <system-out/>
  <testcase classname="test.ToVerifyHeaderButton" name="toverifyUserButton" time="1.046"/>
  <system-out/>
  <testcase classname="test.ToVerifyHeaderButton" name="toverifyUserButton" time="1.194"/>
  <system-out/>
</testsuite> <!-- test.ToVerifyHeaderButton -->
