<?xml version="1.0" encoding="UTF-8"?>
<!-- Generated by org.testng.reporters.JUnitReportReporter -->
<testsuite hostname="LAPTOP-1ALOQ5Q0" failures="0" tests="9" name="test.ToVerifyHeaderButton" time="8.957" errors="0" timestamp="2022-02-14T11:23:16 IST" skipped="0">
  <testcase classname="test.ToVerifyHeaderButton" name="toverifyTaskButton" time="1.073"/>
  <system-out/>
  <testcase classname="test.ToVerifyHeaderButton" name="toverifyTaskButton" time="0.941"/>
  <system-out/>
  <testcase classname="test.ToVerifyHeaderButton" name="toverifyTaskButton" time="1.029"/>
  <system-out/>
  <testcase classname="test.ToVerifyHeaderButton" name="toverifyReportButton" time="1.318"/>
  <system-out/>
  <testcase classname="test.ToVerifyHeaderButton" name="toverifyReportButton" time="0.954"/>
  <system-out/>
  <testcase classname="test.ToVerifyHeaderButton" name="toverifyReportButton" time="1.148"/>
  <system-out/>
  <testcase classname="test.ToVerifyHeaderButton" name="toverifyUserButton" time="0.787"/>
  <system-out/>
  <testcase classname="test.ToVerifyHeaderButton" name="toverifyUserButton" time="0.641"/>
  <system-out/>
  <testcase classname="test.ToVerifyHeaderButton" name="toverifyUserButton" time="1.066"/>
  <system-out/>
</testsuite> <!-- test.ToVerifyHeaderButton -->
